{
  "RSpec": {
    "coverage": {
      "/mnt/sda2/projects/epam/RUBY_LAB/howework/car_advertisements_web/app/models/user.rb": {
        "lines": [
          null,
          null,
          1,
          1,
          null,
          1,
          1,
          null,
          null,
          null,
          1,
          null,
          null
        ]
      },
      "/mnt/sda2/projects/epam/RUBY_LAB/howework/car_advertisements_web/app/models/application_record.rb": {
        "lines": [
          null,
          null,
          1,
          1,
          null
        ]
      },
      "/mnt/sda2/projects/epam/RUBY_LAB/howework/car_advertisements_web/app/helpers/application_helper.rb": {
        "lines": [
          null,
          null,
          1,
          1,
          null
        ]
      },
      "/mnt/sda2/projects/epam/RUBY_LAB/howework/car_advertisements_web/app/controllers/searches_controller.rb": {
        "lines": [
          null,
          null,
          1,
          1,
          null,
          1,
          1,
          1,
          null,
          null,
          1,
          1,
          null,
          null,
          1,
          3,
          3,
          null,
          null,
          1,
          null,
          1,
          0,
          null,
          0,
          null,
          null,
          1,
          3,
          null,
          null
        ]
      },
      "/mnt/sda2/projects/epam/RUBY_LAB/howework/car_advertisements_web/app/controllers/application_controller.rb": {
        "lines": [
          null,
          null,
          1,
          1,
          1,
          1,
          null
        ]
      },
      "/mnt/sda2/projects/epam/RUBY_LAB/howework/car_advertisements_web/app/concerns/internationalization.rb": {
        "lines": [
          null,
          null,
          1,
          1,
          null,
          1,
          1,
          null,
          1,
          null,
          1,
          11,
          11,
          null,
          null,
          1,
          11,
          11,
          null,
          null,
          1,
          9,
          null,
          null,
          null
        ]
      },
      "/mnt/sda2/projects/epam/RUBY_LAB/howework/car_advertisements_web/app/models/car.rb": {
        "lines": [
          null,
          null,
          1,
          1,
          1,
          1,
          1,
          1,
          1,
          null,
          1,
          null,
          1,
          1,
          1,
          null,
          1,
          1,
          null,
          null,
          null,
          4,
          4,
          5,
          5,
          5,
          3,
          9,
          null
        ]
      },
      "/mnt/sda2/projects/epam/RUBY_LAB/howework/car_advertisements_web/app/models/search.rb": {
        "lines": [
          null,
          null,
          1,
          1,
          null,
          1,
          null
        ]
      },
      "/mnt/sda2/projects/epam/RUBY_LAB/howework/car_advertisements_web/app/controllers/cars_controller.rb": {
        "lines": [
          null,
          null,
          1,
          1,
          null,
          1,
          1,
          1,
          1,
          1,
          1,
          null,
          null,
          1,
          1,
          null,
          null,
          1,
          null,
          1,
          1,
          null,
          0,
          null,
          null,
          1,
          1,
          null,
          0,
          0,
          null,
          null
        ]
      },
      "/mnt/sda2/projects/epam/RUBY_LAB/howework/car_advertisements_web/app/controllers/help_controller.rb": {
        "lines": [
          null,
          null,
          1,
          1,
          null
        ]
      },
      "/mnt/sda2/projects/epam/RUBY_LAB/howework/car_advertisements_web/app/controllers/home_controller.rb": {
        "lines": [
          null,
          null,
          1,
          1,
          null
        ]
      },
      "/mnt/sda2/projects/epam/RUBY_LAB/howework/car_advertisements_web/app/queries/cars_service/search_service.rb": {
        "lines": [
          null,
          null,
          1,
          1,
          1,
          9,
          9,
          null,
          null,
          1,
          9,
          9,
          9,
          9,
          9,
          9,
          9,
          null,
          null,
          1,
          null,
          1,
          9,
          null,
          2,
          null,
          null,
          1,
          9,
          null,
          2,
          null,
          null,
          1,
          9,
          null,
          3,
          null,
          null,
          1,
          9,
          null,
          3,
          null,
          null,
          1,
          9,
          null,
          3,
          null,
          null,
          1,
          9,
          null,
          3,
          null,
          null,
          null
        ]
      },
      "/mnt/sda2/projects/epam/RUBY_LAB/howework/car_advertisements_web/app/queries/cars_service/sort_service.rb": {
        "lines": [
          null,
          null,
          1,
          1,
          1,
          null,
          1,
          4,
          4,
          null,
          null,
          1,
          4,
          null,
          null,
          null
        ]
      },
      "/mnt/sda2/projects/epam/RUBY_LAB/howework/car_advertisements_web/app/channels/application_cable/channel.rb": {
        "lines": [
          null,
          null,
          0,
          0,
          0,
          0
        ],
        "branches": {
        }
      },
      "/mnt/sda2/projects/epam/RUBY_LAB/howework/car_advertisements_web/app/channels/application_cable/connection.rb": {
        "lines": [
          null,
          null,
          0,
          0,
          0,
          0
        ],
        "branches": {
        }
      },
      "/mnt/sda2/projects/epam/RUBY_LAB/howework/car_advertisements_web/app/jobs/application_job.rb": {
        "lines": [
          null,
          null,
          0,
          null,
          null,
          null,
          null,
          null,
          0
        ],
        "branches": {
        }
      },
      "/mnt/sda2/projects/epam/RUBY_LAB/howework/car_advertisements_web/app/mailers/application_mailer.rb": {
        "lines": [
          null,
          null,
          0,
          0,
          0,
          0
        ],
        "branches": {
        }
      }
    },
    "timestamp": 1677520170
  }
}
